<!DOCTYPE html PUBLIC "-//W3C//DTD XHTML 1.1//EN" "http://www.w3.org/TR/xhtml11/DTD/xhtml11.dtd">
<html xmlns="http://www.w3.org/1999/xhtml">
<head>
<meta http-equiv="content-type" content="text/html; charset=UTF-8"/>
<title>TestNG Report</title>
<style type="text/css">table {margin-bottom:10px;border-collapse:collapse;empty-cells:show}th,td {border:1px solid #009;padding:.25em .5em}th {vertical-align:bottom}td {vertical-align:top}table a {font-weight:bold}.stripe td {background-color: #E6EBF9}.num {text-align:right}.passedodd td {background-color: #3F3}.passedeven td {background-color: #0A0}.skippedodd td {background-color: #DDD}.skippedeven td {background-color: #CCC}.failedodd td,.attn {background-color: #F33}.failedeven td,.stripe .attn {background-color: #D00}.stacktrace {white-space:pre;font-family:monospace}.totop {font-size:85%;text-align:center;border-bottom:2px solid #000}.invisible {display:none}</style>
</head>
<body>
<table>
<tr><th>Test</th><th># Passed</th><th># Skipped</th><th># Failed</th><th>Time (ms)</th><th>Included Groups</th><th>Excluded Groups</th></tr>
<tr><th colspan="7">kth.iv1201_RecruitmentClient_war_1.0-SNAPSHOT</th></tr>
<tr><td><a href="#t0">testChrome</a></td><td class="num">10</td><td class="num">0</td><td class="num attn">1</td><td class="num">65 846</td><td></td><td></td></tr>
<tr class="stripe"><td><a href="#t1">testFirefox</a></td><td class="num">11</td><td class="num">0</td><td class="num">0</td><td class="num">67 599</td><td></td><td></td></tr>
<tr><th>Total</th><th class="num">21</th><th class="num">0</th><th class="num attn">1</th><th class="num">133 445</th><th colspan="2"></th></tr>
</table>
<table id='summary'><thead><tr><th>Class</th><th>Method</th><th>Start</th><th>Time (ms)</th></tr></thead><tbody><tr><th colspan="4">kth.iv1201_RecruitmentClient_war_1.0-SNAPSHOT</th></tr></tbody><tbody id="t0"><tr><th colspan="4">testChrome &#8212; failed</th></tr><tr class="failedeven"><td rowspan="1">RunTests</td><td><a href="#m0">testAppOverviewPage</a></td><td rowspan="1">1520455399865</td><td rowspan="1">15655</td></tr><tr><th colspan="4">testChrome &#8212; passed</th></tr><tr class="passedeven"><td rowspan="10">RunTests</td><td><a href="#m1">testApplicationsPage</a></td><td rowspan="1">1520455395034</td><td rowspan="1">4830</td></tr><tr class="passedeven"><td><a href="#m2">testApplyPage</a></td><td rowspan="1">1520455380623</td><td rowspan="1">11132</td></tr><tr class="passedeven"><td><a href="#m3">testLogin</a></td><td rowspan="1">1520455376949</td><td rowspan="1">2590</td></tr><tr class="passedeven"><td><a href="#m4">testLogout</a></td><td rowspan="1">1520455376346</td><td rowspan="1">603</td></tr><tr class="passedeven"><td><a href="#m5">testParticipantLinks</a></td><td rowspan="1">1520455379540</td><td rowspan="1">1081</td></tr><tr class="passedeven"><td><a href="#m6">testParticipantLogout</a></td><td rowspan="1">1520455391756</td><td rowspan="1">1966</td></tr><tr class="passedeven"><td><a href="#m7">testRecruiterLinks</a></td><td rowspan="1">1520455394320</td><td rowspan="1">714</td></tr><tr class="passedeven"><td><a href="#m8">testRecruiterLogin</a></td><td rowspan="1">1520455393722</td><td rowspan="1">598</td></tr><tr class="passedeven"><td><a href="#m9">testRegister</a></td><td rowspan="1">1520455360383</td><td rowspan="1">15962</td></tr><tr class="passedeven"><td><a href="#m10">testRegisterLink</a></td><td rowspan="1">1520455358153</td><td rowspan="1">2230</td></tr></tbody>
<tbody id="t1"><tr><th colspan="4">testFirefox &#8212; passed</th></tr><tr class="passedeven"><td rowspan="11">RunTests</td><td><a href="#m11">testAppOverviewPage</a></td><td rowspan="1">1520455409990</td><td rowspan="1">7700</td></tr><tr class="passedeven"><td><a href="#m12">testApplicationsPage</a></td><td rowspan="1">1520455405714</td><td rowspan="1">4276</td></tr><tr class="passedeven"><td><a href="#m13">testApplyPage</a></td><td rowspan="1">1520455382724</td><td rowspan="1">19282</td></tr><tr class="passedeven"><td><a href="#m14">testLogin</a></td><td rowspan="1">1520455380303</td><td rowspan="1">1506</td></tr><tr class="passedeven"><td><a href="#m15">testLogout</a></td><td rowspan="1">1520455379713</td><td rowspan="1">590</td></tr><tr class="passedeven"><td><a href="#m16">testParticipantLinks</a></td><td rowspan="1">1520455381810</td><td rowspan="1">914</td></tr><tr class="passedeven"><td><a href="#m17">testParticipantLogout</a></td><td rowspan="1">1520455402008</td><td rowspan="1">2346</td></tr><tr class="passedeven"><td><a href="#m18">testRecruiterLinks</a></td><td rowspan="1">1520455404777</td><td rowspan="1">936</td></tr><tr class="passedeven"><td><a href="#m19">testRecruiterLogin</a></td><td rowspan="1">1520455404354</td><td rowspan="1">423</td></tr><tr class="passedeven"><td><a href="#m20">testRegister</a></td><td rowspan="1">1520455367433</td><td rowspan="1">12279</td></tr><tr class="passedeven"><td><a href="#m21">testRegisterLink</a></td><td rowspan="1">1520455366955</td><td rowspan="1">477</td></tr></tbody>
</table>
<h2>testChrome</h2><h3 id="m0">RunTests#testAppOverviewPage</h3><table class="result"><tr><th>Exception</th></tr><tr><td><div class="stacktrace">org.openqa.selenium.TimeoutException: Expected condition failed: waiting for visibility of element located by By.id: currentStatus (tried for 10 second(s) with 500 milliseconds interval)
	at org.openqa.selenium.support.ui.WebDriverWait.timeoutException(WebDriverWait.java:82)
	at org.openqa.selenium.support.ui.FluentWait.until(FluentWait.java:272)
	at CommonMethods.waitUntil(CommonMethods.java:27)
	at RecruiterTest.testAppOverviewPage(RecruiterTest.java:104)
	at RunTests.testAppOverviewPage(RunTests.java:154)
	at java.util.concurrent.FutureTask.run(FutureTask.java:266)
	at java.util.concurrent.ThreadPoolExecutor.runWorker(ThreadPoolExecutor.java:1142)
	at java.util.concurrent.ThreadPoolExecutor$Worker.run(ThreadPoolExecutor.java:617)
	at java.lang.Thread.run(Thread.java:745)
Caused by: org.openqa.selenium.NoSuchElementException: Cannot locate an element using By.id: currentStatus
For documentation on this error, please visit: http://seleniumhq.org/exceptions/no_such_element.html
Build info: version: &apos;3.10.0&apos;, revision: &apos;176b4a9&apos;, time: &apos;2018-03-02T19:03:16.397Z&apos;
System info: host: &apos;ZPEEDX&apos;, ip: &apos;192.168.56.1&apos;, os.name: &apos;Windows 10&apos;, os.arch: &apos;amd64&apos;, os.version: &apos;10.0&apos;, java.version: &apos;1.8.0_101&apos;
Driver info: driver.version: unknown
	at org.openqa.selenium.support.ui.ExpectedConditions.lambda$findElement$0(ExpectedConditions.java:896)
	at java.util.Optional.orElseThrow(Optional.java:290)
	at org.openqa.selenium.support.ui.ExpectedConditions.findElement(ExpectedConditions.java:895)
	at org.openqa.selenium.support.ui.ExpectedConditions.access$000(ExpectedConditions.java:44)
	at org.openqa.selenium.support.ui.ExpectedConditions$7.apply(ExpectedConditions.java:206)
	at org.openqa.selenium.support.ui.ExpectedConditions$7.apply(ExpectedConditions.java:202)
	at org.openqa.selenium.support.ui.FluentWait.until(FluentWait.java:249)
	... 23 more
... Removed 16 stack frames</div></td></tr></table><p class="totop"><a href="#summary">back to summary</a></p>
<h3 id="m1">RunTests#testApplicationsPage</h3><table class="result"><tr><th class="invisible"/></tr></table><p class="totop"><a href="#summary">back to summary</a></p>
<h3 id="m2">RunTests#testApplyPage</h3><table class="result"><tr><th class="invisible"/></tr></table><p class="totop"><a href="#summary">back to summary</a></p>
<h3 id="m3">RunTests#testLogin</h3><table class="result"><tr><th class="invisible"/></tr></table><p class="totop"><a href="#summary">back to summary</a></p>
<h3 id="m4">RunTests#testLogout</h3><table class="result"><tr><th class="invisible"/></tr></table><p class="totop"><a href="#summary">back to summary</a></p>
<h3 id="m5">RunTests#testParticipantLinks</h3><table class="result"><tr><th class="invisible"/></tr></table><p class="totop"><a href="#summary">back to summary</a></p>
<h3 id="m6">RunTests#testParticipantLogout</h3><table class="result"><tr><th class="invisible"/></tr></table><p class="totop"><a href="#summary">back to summary</a></p>
<h3 id="m7">RunTests#testRecruiterLinks</h3><table class="result"><tr><th class="invisible"/></tr></table><p class="totop"><a href="#summary">back to summary</a></p>
<h3 id="m8">RunTests#testRecruiterLogin</h3><table class="result"><tr><th class="invisible"/></tr></table><p class="totop"><a href="#summary">back to summary</a></p>
<h3 id="m9">RunTests#testRegister</h3><table class="result"><tr><th class="invisible"/></tr></table><p class="totop"><a href="#summary">back to summary</a></p>
<h3 id="m10">RunTests#testRegisterLink</h3><table class="result"><tr><th class="invisible"/></tr></table><p class="totop"><a href="#summary">back to summary</a></p>
<h2>testFirefox</h2><h3 id="m11">RunTests#testAppOverviewPage</h3><table class="result"><tr><th class="invisible"/></tr></table><p class="totop"><a href="#summary">back to summary</a></p>
<h3 id="m12">RunTests#testApplicationsPage</h3><table class="result"><tr><th class="invisible"/></tr></table><p class="totop"><a href="#summary">back to summary</a></p>
<h3 id="m13">RunTests#testApplyPage</h3><table class="result"><tr><th class="invisible"/></tr></table><p class="totop"><a href="#summary">back to summary</a></p>
<h3 id="m14">RunTests#testLogin</h3><table class="result"><tr><th class="invisible"/></tr></table><p class="totop"><a href="#summary">back to summary</a></p>
<h3 id="m15">RunTests#testLogout</h3><table class="result"><tr><th class="invisible"/></tr></table><p class="totop"><a href="#summary">back to summary</a></p>
<h3 id="m16">RunTests#testParticipantLinks</h3><table class="result"><tr><th class="invisible"/></tr></table><p class="totop"><a href="#summary">back to summary</a></p>
<h3 id="m17">RunTests#testParticipantLogout</h3><table class="result"><tr><th class="invisible"/></tr></table><p class="totop"><a href="#summary">back to summary</a></p>
<h3 id="m18">RunTests#testRecruiterLinks</h3><table class="result"><tr><th class="invisible"/></tr></table><p class="totop"><a href="#summary">back to summary</a></p>
<h3 id="m19">RunTests#testRecruiterLogin</h3><table class="result"><tr><th class="invisible"/></tr></table><p class="totop"><a href="#summary">back to summary</a></p>
<h3 id="m20">RunTests#testRegister</h3><table class="result"><tr><th class="invisible"/></tr></table><p class="totop"><a href="#summary">back to summary</a></p>
<h3 id="m21">RunTests#testRegisterLink</h3><table class="result"><tr><th class="invisible"/></tr></table><p class="totop"><a href="#summary">back to summary</a></p>
</body>
</html>
