<?xml version="1.0" encoding="UTF-8"?>
<testng-results skipped="0" failed="1" ignored="0" total="22" passed="21">
  <reporter-output>
  </reporter-output>
  <suite name="kth.iv1201_RecruitmentClient_war_1.0-SNAPSHOT" duration-ms="67599" started-at="2018-03-07T20:42:30Z" finished-at="2018-03-07T20:43:38Z">
    <groups>
    </groups>
    <test name="testChrome" duration-ms="65846" started-at="2018-03-07T20:42:30Z" finished-at="2018-03-07T20:43:36Z">
      <class name="RunTests">
        <test-method status="PASS" signature="setUp(java.lang.String)[pri:0, instance:RunTests@3a883ce7]" name="setUp" is-config="true" duration-ms="7732" started-at="2018-03-07T20:42:30Z" finished-at="2018-03-07T20:42:38Z">
          <params>
            <param index="0">
              <value>
                <![CDATA[chrome]]>
              </value>
            </param>
          </params>
          <reporter-output>
          </reporter-output>
        </test-method> <!-- setUp -->
        <test-method status="PASS" signature="testRegisterLink()[pri:0, instance:RunTests@3a883ce7]" name="testRegisterLink" duration-ms="2230" started-at="2018-03-07T20:42:38Z" finished-at="2018-03-07T20:42:40Z">
          <reporter-output>
          </reporter-output>
        </test-method> <!-- testRegisterLink -->
        <test-method status="PASS" signature="testRegister()[pri:0, instance:RunTests@3a883ce7]" name="testRegister" duration-ms="15962" started-at="2018-03-07T20:42:40Z" finished-at="2018-03-07T20:42:56Z">
          <reporter-output>
          </reporter-output>
        </test-method> <!-- testRegister -->
        <test-method status="PASS" signature="testLogout()[pri:0, instance:RunTests@3a883ce7]" name="testLogout" duration-ms="603" started-at="2018-03-07T20:42:56Z" finished-at="2018-03-07T20:42:56Z">
          <reporter-output>
          </reporter-output>
        </test-method> <!-- testLogout -->
        <test-method status="PASS" signature="testLogin()[pri:0, instance:RunTests@3a883ce7]" name="testLogin" duration-ms="2590" started-at="2018-03-07T20:42:56Z" finished-at="2018-03-07T20:42:59Z">
          <reporter-output>
          </reporter-output>
        </test-method> <!-- testLogin -->
        <test-method status="PASS" signature="testParticipantLinks()[pri:0, instance:RunTests@3a883ce7]" name="testParticipantLinks" duration-ms="1081" started-at="2018-03-07T20:42:59Z" finished-at="2018-03-07T20:43:00Z">
          <reporter-output>
          </reporter-output>
        </test-method> <!-- testParticipantLinks -->
        <test-method status="PASS" signature="testApplyPage()[pri:0, instance:RunTests@3a883ce7]" name="testApplyPage" duration-ms="11132" started-at="2018-03-07T20:43:00Z" finished-at="2018-03-07T20:43:11Z">
          <reporter-output>
          </reporter-output>
        </test-method> <!-- testApplyPage -->
        <test-method status="PASS" signature="testParticipantLogout()[pri:0, instance:RunTests@3a883ce7]" name="testParticipantLogout" duration-ms="1966" started-at="2018-03-07T20:43:11Z" finished-at="2018-03-07T20:43:13Z">
          <reporter-output>
          </reporter-output>
        </test-method> <!-- testParticipantLogout -->
        <test-method status="PASS" signature="testRecruiterLogin()[pri:0, instance:RunTests@3a883ce7]" name="testRecruiterLogin" duration-ms="598" started-at="2018-03-07T20:43:13Z" finished-at="2018-03-07T20:43:14Z">
          <reporter-output>
          </reporter-output>
        </test-method> <!-- testRecruiterLogin -->
        <test-method status="PASS" signature="testRecruiterLinks()[pri:0, instance:RunTests@3a883ce7]" name="testRecruiterLinks" duration-ms="714" started-at="2018-03-07T20:43:14Z" finished-at="2018-03-07T20:43:15Z">
          <reporter-output>
          </reporter-output>
        </test-method> <!-- testRecruiterLinks -->
        <test-method status="PASS" signature="testApplicationsPage()[pri:0, instance:RunTests@3a883ce7]" name="testApplicationsPage" duration-ms="4830" started-at="2018-03-07T20:43:15Z" finished-at="2018-03-07T20:43:19Z">
          <reporter-output>
          </reporter-output>
        </test-method> <!-- testApplicationsPage -->
        <test-method status="FAIL" signature="testAppOverviewPage()[pri:0, instance:RunTests@3a883ce7]" name="testAppOverviewPage" duration-ms="15655" started-at="2018-03-07T20:43:19Z" finished-at="2018-03-07T20:43:35Z">
          <exception class="org.openqa.selenium.TimeoutException">
            <message>
              <![CDATA[Expected condition failed: waiting for visibility of element located by By.id: currentStatus (tried for 10 second(s) with 500 milliseconds interval)]]>
            </message>
            <full-stacktrace>
              <![CDATA[org.openqa.selenium.TimeoutException: Expected condition failed: waiting for visibility of element located by By.id: currentStatus (tried for 10 second(s) with 500 milliseconds interval)
at org.openqa.selenium.support.ui.WebDriverWait.timeoutException(WebDriverWait.java:82)
at org.openqa.selenium.support.ui.FluentWait.until(FluentWait.java:272)
at CommonMethods.waitUntil(CommonMethods.java:27)
at RecruiterTest.testAppOverviewPage(RecruiterTest.java:104)
at RunTests.testAppOverviewPage(RunTests.java:154)
at sun.reflect.NativeMethodAccessorImpl.invoke0(Native Method)
at sun.reflect.NativeMethodAccessorImpl.invoke(NativeMethodAccessorImpl.java:62)
at sun.reflect.DelegatingMethodAccessorImpl.invoke(DelegatingMethodAccessorImpl.java:43)
at java.lang.reflect.Method.invoke(Method.java:498)
at org.testng.internal.MethodInvocationHelper.invokeMethod(MethodInvocationHelper.java:124)
at org.testng.internal.Invoker.invokeMethod(Invoker.java:580)
at org.testng.internal.Invoker.invokeTestMethod(Invoker.java:716)
at org.testng.internal.Invoker.invokeTestMethods(Invoker.java:988)
at org.testng.internal.TestMethodWorker.invokeTestMethods(TestMethodWorker.java:125)
at org.testng.internal.TestMethodWorker.run(TestMethodWorker.java:109)
at org.testng.TestRunner.privateRun(TestRunner.java:648)
at org.testng.TestRunner.run(TestRunner.java:505)
at org.testng.SuiteRunner.runTest(SuiteRunner.java:455)
at org.testng.SuiteRunner.access$000(SuiteRunner.java:40)
at org.testng.SuiteRunner$SuiteWorker.run(SuiteRunner.java:489)
at org.testng.internal.thread.ThreadUtil$1.call(ThreadUtil.java:52)
at java.util.concurrent.FutureTask.run(FutureTask.java:266)
at java.util.concurrent.ThreadPoolExecutor.runWorker(ThreadPoolExecutor.java:1142)
at java.util.concurrent.ThreadPoolExecutor$Worker.run(ThreadPoolExecutor.java:617)
at java.lang.Thread.run(Thread.java:745)
Caused by: org.openqa.selenium.NoSuchElementException: Cannot locate an element using By.id: currentStatus
For documentation on this error, please visit: http://seleniumhq.org/exceptions/no_such_element.html
Build info: version: '3.10.0', revision: '176b4a9', time: '2018-03-02T19:03:16.397Z'
System info: host: 'ZPEEDX', ip: '192.168.56.1', os.name: 'Windows 10', os.arch: 'amd64', os.version: '10.0', java.version: '1.8.0_101'
Driver info: driver.version: unknown
at org.openqa.selenium.support.ui.ExpectedConditions.lambda$findElement$0(ExpectedConditions.java:896)
at java.util.Optional.orElseThrow(Optional.java:290)
at org.openqa.selenium.support.ui.ExpectedConditions.findElement(ExpectedConditions.java:895)
at org.openqa.selenium.support.ui.ExpectedConditions.access$000(ExpectedConditions.java:44)
at org.openqa.selenium.support.ui.ExpectedConditions$7.apply(ExpectedConditions.java:206)
at org.openqa.selenium.support.ui.ExpectedConditions$7.apply(ExpectedConditions.java:202)
at org.openqa.selenium.support.ui.FluentWait.until(FluentWait.java:249)
... 23 more
]]>
            </full-stacktrace>
          </exception> <!-- org.openqa.selenium.TimeoutException -->
          <reporter-output>
          </reporter-output>
        </test-method> <!-- testAppOverviewPage -->
        <test-method status="PASS" signature="tearDown()[pri:0, instance:RunTests@3a883ce7]" name="tearDown" is-config="true" duration-ms="743" started-at="2018-03-07T20:43:35Z" finished-at="2018-03-07T20:43:36Z">
          <reporter-output>
          </reporter-output>
        </test-method> <!-- tearDown -->
      </class> <!-- RunTests -->
    </test> <!-- testChrome -->
    <test name="testFirefox" duration-ms="67599" started-at="2018-03-07T20:42:30Z" finished-at="2018-03-07T20:43:38Z">
      <class name="RunTests">
        <test-method status="PASS" signature="setUp(java.lang.String)[pri:0, instance:RunTests@3224f60b]" name="setUp" is-config="true" duration-ms="16534" started-at="2018-03-07T20:42:30Z" finished-at="2018-03-07T20:42:46Z">
          <params>
            <param index="0">
              <value>
                <![CDATA[firefox]]>
              </value>
            </param>
          </params>
          <reporter-output>
          </reporter-output>
        </test-method> <!-- setUp -->
        <test-method status="PASS" signature="testRegisterLink()[pri:0, instance:RunTests@3224f60b]" name="testRegisterLink" duration-ms="477" started-at="2018-03-07T20:42:46Z" finished-at="2018-03-07T20:42:47Z">
          <reporter-output>
          </reporter-output>
        </test-method> <!-- testRegisterLink -->
        <test-method status="PASS" signature="testRegister()[pri:0, instance:RunTests@3224f60b]" name="testRegister" duration-ms="12279" started-at="2018-03-07T20:42:47Z" finished-at="2018-03-07T20:42:59Z">
          <reporter-output>
          </reporter-output>
        </test-method> <!-- testRegister -->
        <test-method status="PASS" signature="testLogout()[pri:0, instance:RunTests@3224f60b]" name="testLogout" duration-ms="590" started-at="2018-03-07T20:42:59Z" finished-at="2018-03-07T20:43:00Z">
          <reporter-output>
          </reporter-output>
        </test-method> <!-- testLogout -->
        <test-method status="PASS" signature="testLogin()[pri:0, instance:RunTests@3224f60b]" name="testLogin" duration-ms="1506" started-at="2018-03-07T20:43:00Z" finished-at="2018-03-07T20:43:01Z">
          <reporter-output>
          </reporter-output>
        </test-method> <!-- testLogin -->
        <test-method status="PASS" signature="testParticipantLinks()[pri:0, instance:RunTests@3224f60b]" name="testParticipantLinks" duration-ms="914" started-at="2018-03-07T20:43:01Z" finished-at="2018-03-07T20:43:02Z">
          <reporter-output>
          </reporter-output>
        </test-method> <!-- testParticipantLinks -->
        <test-method status="PASS" signature="testApplyPage()[pri:0, instance:RunTests@3224f60b]" name="testApplyPage" duration-ms="19282" started-at="2018-03-07T20:43:02Z" finished-at="2018-03-07T20:43:22Z">
          <reporter-output>
          </reporter-output>
        </test-method> <!-- testApplyPage -->
        <test-method status="PASS" signature="testParticipantLogout()[pri:0, instance:RunTests@3224f60b]" name="testParticipantLogout" duration-ms="2346" started-at="2018-03-07T20:43:22Z" finished-at="2018-03-07T20:43:24Z">
          <reporter-output>
          </reporter-output>
        </test-method> <!-- testParticipantLogout -->
        <test-method status="PASS" signature="testRecruiterLogin()[pri:0, instance:RunTests@3224f60b]" name="testRecruiterLogin" duration-ms="423" started-at="2018-03-07T20:43:24Z" finished-at="2018-03-07T20:43:24Z">
          <reporter-output>
          </reporter-output>
        </test-method> <!-- testRecruiterLogin -->
        <test-method status="PASS" signature="testRecruiterLinks()[pri:0, instance:RunTests@3224f60b]" name="testRecruiterLinks" duration-ms="936" started-at="2018-03-07T20:43:24Z" finished-at="2018-03-07T20:43:25Z">
          <reporter-output>
          </reporter-output>
        </test-method> <!-- testRecruiterLinks -->
        <test-method status="PASS" signature="testApplicationsPage()[pri:0, instance:RunTests@3224f60b]" name="testApplicationsPage" duration-ms="4276" started-at="2018-03-07T20:43:25Z" finished-at="2018-03-07T20:43:29Z">
          <reporter-output>
          </reporter-output>
        </test-method> <!-- testApplicationsPage -->
        <test-method status="PASS" signature="testAppOverviewPage()[pri:0, instance:RunTests@3224f60b]" name="testAppOverviewPage" duration-ms="7700" started-at="2018-03-07T20:43:29Z" finished-at="2018-03-07T20:43:37Z">
          <reporter-output>
          </reporter-output>
        </test-method> <!-- testAppOverviewPage -->
        <test-method status="PASS" signature="tearDown()[pri:0, instance:RunTests@3224f60b]" name="tearDown" is-config="true" duration-ms="327" started-at="2018-03-07T20:43:37Z" finished-at="2018-03-07T20:43:38Z">
          <reporter-output>
          </reporter-output>
        </test-method> <!-- tearDown -->
      </class> <!-- RunTests -->
    </test> <!-- testFirefox -->
  </suite> <!-- kth.iv1201_RecruitmentClient_war_1.0-SNAPSHOT -->
</testng-results>
