<?xml version="1.0" encoding="UTF-8"?>
<!-- Generated by org.testng.reporters.JUnitReportReporter -->
<testsuite skipped="0" hostname="ZpeedX" name="RunTests" tests="22" failures="0" timestamp="07 mar 2018 20:43:38 GMT" time="108.090" errors="1">
  <testcase name="testAppOverviewPage" time="15.655" classname="RunTests">
    <error type="org.openqa.selenium.TimeoutException" message="Expected condition failed: waiting for visibility of element located by By.id: currentStatus (tried for 10 second(s) with 500 milliseconds interval)">
      <![CDATA[org.openqa.selenium.TimeoutException: Expected condition failed: waiting for visibility of element located by By.id: currentStatus (tried for 10 second(s) with 500 milliseconds interval)
at org.openqa.selenium.support.ui.WebDriverWait.timeoutException(WebDriverWait.java:82)
at org.openqa.selenium.support.ui.FluentWait.until(FluentWait.java:272)
at CommonMethods.waitUntil(CommonMethods.java:27)
at RecruiterTest.testAppOverviewPage(RecruiterTest.java:104)
at RunTests.testAppOverviewPage(RunTests.java:154)
at sun.reflect.NativeMethodAccessorImpl.invoke0(Native Method)
at sun.reflect.NativeMethodAccessorImpl.invoke(NativeMethodAccessorImpl.java:62)
at sun.reflect.DelegatingMethodAccessorImpl.invoke(DelegatingMethodAccessorImpl.java:43)
at java.lang.reflect.Method.invoke(Method.java:498)
at org.testng.internal.MethodInvocationHelper.invokeMethod(MethodInvocationHelper.java:124)
at org.testng.internal.Invoker.invokeMethod(Invoker.java:580)
at org.testng.internal.Invoker.invokeTestMethod(Invoker.java:716)
at org.testng.internal.Invoker.invokeTestMethods(Invoker.java:988)
at org.testng.internal.TestMethodWorker.invokeTestMethods(TestMethodWorker.java:125)
at org.testng.internal.TestMethodWorker.run(TestMethodWorker.java:109)
at org.testng.TestRunner.privateRun(TestRunner.java:648)
at org.testng.TestRunner.run(TestRunner.java:505)
at org.testng.SuiteRunner.runTest(SuiteRunner.java:455)
at org.testng.SuiteRunner.access$000(SuiteRunner.java:40)
at org.testng.SuiteRunner$SuiteWorker.run(SuiteRunner.java:489)
at org.testng.internal.thread.ThreadUtil$1.call(ThreadUtil.java:52)
at java.util.concurrent.FutureTask.run(FutureTask.java:266)
at java.util.concurrent.ThreadPoolExecutor.runWorker(ThreadPoolExecutor.java:1142)
at java.util.concurrent.ThreadPoolExecutor$Worker.run(ThreadPoolExecutor.java:617)
at java.lang.Thread.run(Thread.java:745)
Caused by: org.openqa.selenium.NoSuchElementException: Cannot locate an element using By.id: currentStatus
For documentation on this error, please visit: http://seleniumhq.org/exceptions/no_such_element.html
Build info: version: '3.10.0', revision: '176b4a9', time: '2018-03-02T19:03:16.397Z'
System info: host: 'ZPEEDX', ip: '192.168.56.1', os.name: 'Windows 10', os.arch: 'amd64', os.version: '10.0', java.version: '1.8.0_101'
Driver info: driver.version: unknown
at org.openqa.selenium.support.ui.ExpectedConditions.lambda$findElement$0(ExpectedConditions.java:896)
at java.util.Optional.orElseThrow(Optional.java:290)
at org.openqa.selenium.support.ui.ExpectedConditions.findElement(ExpectedConditions.java:895)
at org.openqa.selenium.support.ui.ExpectedConditions.access$000(ExpectedConditions.java:44)
at org.openqa.selenium.support.ui.ExpectedConditions$7.apply(ExpectedConditions.java:206)
at org.openqa.selenium.support.ui.ExpectedConditions$7.apply(ExpectedConditions.java:202)
at org.openqa.selenium.support.ui.FluentWait.until(FluentWait.java:249)
... 23 more
]]>
    </error>
  </testcase> <!-- testAppOverviewPage -->
  <testcase name="testRecruiterLinks" time="0.714" classname="RunTests"/>
  <testcase name="testRegister" time="15.962" classname="RunTests"/>
  <testcase name="testParticipantLinks" time="1.081" classname="RunTests"/>
  <testcase name="testLogout" time="0.590" classname="RunTests"/>
  <testcase name="testApplyPage" time="19.282" classname="RunTests"/>
  <testcase name="testLogin" time="1.506" classname="RunTests"/>
  <testcase name="testParticipantLinks" time="0.914" classname="RunTests"/>
  <testcase name="testLogout" time="0.603" classname="RunTests"/>
  <testcase name="testRegisterLink" time="2.230" classname="RunTests"/>
  <testcase name="testParticipantLogout" time="1.966" classname="RunTests"/>
  <testcase name="testApplicationsPage" time="4.830" classname="RunTests"/>
  <testcase name="testLogin" time="2.590" classname="RunTests"/>
  <testcase name="testRecruiterLinks" time="0.936" classname="RunTests"/>
  <testcase name="testApplyPage" time="11.132" classname="RunTests"/>
  <testcase name="testRecruiterLogin" time="0.598" classname="RunTests"/>
  <testcase name="testRegister" time="12.279" classname="RunTests"/>
  <testcase name="testAppOverviewPage" time="7.700" classname="RunTests"/>
  <testcase name="testRecruiterLogin" time="0.423" classname="RunTests"/>
  <testcase name="testParticipantLogout" time="2.346" classname="RunTests"/>
  <testcase name="testRegisterLink" time="0.477" classname="RunTests"/>
  <testcase name="testApplicationsPage" time="4.276" classname="RunTests"/>
</testsuite> <!-- RunTests -->
